<?xml version="1.0" encoding="UTF-8"?>
<!-- Generated by org.testng.reporters.JUnitReportReporter -->
<testsuite hostname="Ashamais-Air.attlocal.net" failures="0" tests="2" name="MMPLogin.MMPLogin.NewTestNgClass" time="44.467" errors="0" timestamp="2023-03-07T18:38:38 PST" skipped="0">
  <testcase classname="MMPLogin.MMPLogin.NewTestNgClass" name="testcase1" time="0.003"/>
  <system-out/>
  <testcase classname="MMPLogin.MMPLogin.NewTestNgClass" name="profile" time="44.464"/>
  <system-out/>
</testsuite> <!-- MMPLogin.MMPLogin.NewTestNgClass -->
