<?xml version="1.0" encoding="UTF-8"?>
<!-- Generated by org.testng.reporters.JUnitReportReporter -->
<testsuite hostname="Ashamais-Air.attlocal.net" failures="0" tests="1" name="MMPLogin.MMPLogin.fetchstock" time="12.545" errors="0" timestamp="2023-03-08T00:00:28 PST" skipped="0">
  <testcase classname="MMPLogin.MMPLogin.fetchstock" name="details" time="12.545"/>
  <system-out/>
</testsuite> <!-- MMPLogin.MMPLogin.fetchstock -->
