<?xml version="1.0" encoding="UTF-8"?>
<!-- Generated by org.testng.reporters.JUnitReportReporter -->
<testsuite hostname="Ashamais-Air.attlocal.net" failures="0" tests="1" name="MMPLogin.MMPLogin.Patientsentmessage" time="17.248" errors="0" timestamp="2023-03-20T12:11:08 PDT" skipped="0">
  <testcase classname="MMPLogin.MMPLogin.Patientsentmessage" name="VerifyMessage" time="17.248"/>
  <system-out/>
</testsuite> <!-- MMPLogin.MMPLogin.Patientsentmessage -->
