<?xml version="1.0" encoding="UTF-8"?>
<!-- Generated by org.testng.reporters.JUnitReportReporter -->
<testsuite hostname="Ashamais-Air.attlocal.net" failures="0" tests="1" name="MMPLogin.MMPLogin.AdminVerifyMsg" time="17.574" errors="0" timestamp="2023-03-20T12:28:47 PDT" skipped="0">
  <testcase classname="MMPLogin.MMPLogin.AdminVerifyMsg" name="VerifyMessage" time="17.574"/>
  <system-out/>
</testsuite> <!-- MMPLogin.MMPLogin.AdminVerifyMsg -->
