<?xml version="1.0" encoding="UTF-8"?>
<!-- Generated by org.testng.reporters.JUnitReportReporter -->
<testsuite hostname="Ashamais-Air.attlocal.net" failures="0" tests="1" name="MMPLogin.MMPLogin.Moneyrediff" time="19.329" errors="0" timestamp="2023-03-09T13:59:47 PST" skipped="0">
  <testcase classname="MMPLogin.MMPLogin.Moneyrediff" name="testShouldValidateTCSIsPresentInTitle" time="19.329"/>
  <system-out/>
</testsuite> <!-- MMPLogin.MMPLogin.Moneyrediff -->
