<?xml version="1.0" encoding="UTF-8"?>
<!-- Generated by org.testng.reporters.JUnitReportReporter -->
<testsuite hostname="Ashamais-Air.attlocal.net" failures="0" tests="1" name="MMPLogin.MMPLogin.topgainers" time="8.803" errors="0" timestamp="2023-03-09T10:49:01 PST" skipped="0">
  <testcase classname="MMPLogin.MMPLogin.topgainers" name="gainers" time="8.803"/>
  <system-out/>
</testsuite> <!-- MMPLogin.MMPLogin.topgainers -->
