<?xml version="1.0" encoding="UTF-8"?>
<!-- Generated by org.testng.reporters.JUnitReportReporter -->
<testsuite hostname="Ashamais-Air.attlocal.net" failures="0" tests="2" name="MMPLogin.MMPLogin.OrderofTestExecution" time="7.573" errors="0" timestamp="2023-03-07T18:38:38 PST" skipped="0">
  <testcase classname="MMPLogin.MMPLogin.OrderofTestExecution" name="stockdetails" time="7.570"/>
  <system-out/>
  <testcase classname="MMPLogin.MMPLogin.OrderofTestExecution" name="testcase4" time="0.003"/>
  <system-out/>
</testsuite> <!-- MMPLogin.MMPLogin.OrderofTestExecution -->
